kotlin version: 2.1.0
error message: org.jetbrains.kotlin.backend.common.BackendException: Backend Internal error: Exception during IR lowering
File being compiled: D:/IAII/FST IAII Zeina 2023-2025/S2/Tp/Mobile/GestionIntelligentedesabsences/app/src/main/java/com/example/gestionintelligentedesabsences/ui/screens/login/LoginScreen.kt
The root cause java.lang.RuntimeException was thrown at: org.jetbrains.kotlin.backend.jvm.codegen.FunctionCodegen.generate(FunctionCodegen.kt:48)
	at org.jetbrains.kotlin.backend.common.CodegenUtil.reportBackendException(CodegenUtil.kt:253)
	at org.jetbrains.kotlin.backend.common.CodegenUtil.reportBackendException$default(CodegenUtil.kt:236)
	at org.jetbrains.kotlin.backend.common.phaser.PerformByIrFilePhase.invokeSequential(performByIrFile.kt:55)
	at org.jetbrains.kotlin.backend.common.phaser.PerformByIrFilePhase.invoke(performByIrFile.kt:42)
	at org.jetbrains.kotlin.backend.common.phaser.PerformByIrFilePhase.invoke(performByIrFile.kt:28)
	at org.jetbrains.kotlin.backend.common.phaser.NamedCompilerPhase.phaseBody(CompilerPhase.kt:166)
	at org.jetbrains.kotlin.backend.common.phaser.AbstractNamedCompilerPhase.invoke(CompilerPhase.kt:113)
	at org.jetbrains.kotlin.backend.common.phaser.CompositePhase.invoke(PhaseBuilders.kt:27)
	at org.jetbrains.kotlin.backend.common.phaser.CompositePhase.invoke(PhaseBuilders.kt:14)
	at org.jetbrains.kotlin.backend.common.phaser.NamedCompilerPhase.phaseBody(CompilerPhase.kt:166)
	at org.jetbrains.kotlin.backend.common.phaser.AbstractNamedCompilerPhase.invoke(CompilerPhase.kt:113)
	at org.jetbrains.kotlin.backend.common.phaser.CompilerPhaseKt.invokeToplevel(CompilerPhase.kt:62)
	at org.jetbrains.kotlin.backend.jvm.JvmIrCodegenFactory.invokeCodegen(JvmIrCodegenFactory.kt:371)
	at org.jetbrains.kotlin.codegen.CodegenFactory.generateModule(CodegenFactory.kt:47)
	at org.jetbrains.kotlin.backend.jvm.JvmIrCodegenFactory.generateModuleInFrontendIRMode(JvmIrCodegenFactory.kt:433)
	at org.jetbrains.kotlin.cli.jvm.compiler.pipeline.JvmCompilerPipelineKt.generateCodeFromIr(jvmCompilerPipeline.kt:192)
	at org.jetbrains.kotlin.cli.jvm.compiler.pipeline.JvmCompilerPipelineKt.runBackend(jvmCompilerPipeline.kt:80)
	at org.jetbrains.kotlin.cli.jvm.compiler.pipeline.JvmCompilerPipelineLightTreeKt.compileModule(jvmCompilerPipelineLightTree.kt:264)
	at org.jetbrains.kotlin.cli.jvm.compiler.pipeline.JvmCompilerPipelineLightTreeKt.compileSingleModuleUsingFrontendIrAndLightTree(jvmCompilerPipelineLightTree.kt:231)
	at org.jetbrains.kotlin.cli.jvm.compiler.pipeline.JvmCompilerPipelineLightTreeKt.compileModulesUsingFrontendIrAndLightTree(jvmCompilerPipelineLightTree.kt:86)
	at org.jetbrains.kotlin.cli.jvm.K2JVMCompiler.doExecute(K2JVMCompiler.kt:146)
	at org.jetbrains.kotlin.cli.jvm.K2JVMCompiler.doExecute(K2JVMCompiler.kt:43)
	at org.jetbrains.kotlin.cli.common.CLICompiler.execImpl(CLICompiler.kt:102)
	at org.jetbrains.kotlin.cli.common.CLICompiler.exec(CLICompiler.kt:316)
	at org.jetbrains.kotlin.incremental.IncrementalJvmCompilerRunner.runCompiler(IncrementalJvmCompilerRunner.kt:464)
	at org.jetbrains.kotlin.incremental.IncrementalJvmCompilerRunner.runCompiler(IncrementalJvmCompilerRunner.kt:73)
	at org.jetbrains.kotlin.incremental.IncrementalCompilerRunner.doCompile(IncrementalCompilerRunner.kt:506)
	at org.jetbrains.kotlin.incremental.IncrementalCompilerRunner.compileImpl(IncrementalCompilerRunner.kt:423)
	at org.jetbrains.kotlin.incremental.IncrementalCompilerRunner.compileNonIncrementally(IncrementalCompilerRunner.kt:301)
	at org.jetbrains.kotlin.incremental.IncrementalCompilerRunner.compile(IncrementalCompilerRunner.kt:129)
	at org.jetbrains.kotlin.daemon.CompileServiceImplBase.execIncrementalCompiler(CompileServiceImpl.kt:674)
	at org.jetbrains.kotlin.daemon.CompileServiceImplBase.access$execIncrementalCompiler(CompileServiceImpl.kt:91)
	at org.jetbrains.kotlin.daemon.CompileServiceImpl.compile(CompileServiceImpl.kt:1659)
	at java.base/jdk.internal.reflect.DirectMethodHandleAccessor.invoke(Unknown Source)
	at java.base/java.lang.reflect.Method.invoke(Unknown Source)
	at java.rmi/sun.rmi.server.UnicastServerRef.dispatch(Unknown Source)
	at java.rmi/sun.rmi.transport.Transport$1.run(Unknown Source)
	at java.rmi/sun.rmi.transport.Transport$1.run(Unknown Source)
	at java.base/java.security.AccessController.doPrivileged(Unknown Source)
	at java.rmi/sun.rmi.transport.Transport.serviceCall(Unknown Source)
	at java.rmi/sun.rmi.transport.tcp.TCPTransport.handleMessages(Unknown Source)
	at java.rmi/sun.rmi.transport.tcp.TCPTransport$ConnectionHandler.run0(Unknown Source)
	at java.rmi/sun.rmi.transport.tcp.TCPTransport$ConnectionHandler.lambda$run$0(Unknown Source)
	at java.base/java.security.AccessController.doPrivileged(Unknown Source)
	at java.rmi/sun.rmi.transport.tcp.TCPTransport$ConnectionHandler.run(Unknown Source)
	at java.base/java.util.concurrent.ThreadPoolExecutor.runWorker(Unknown Source)
	at java.base/java.util.concurrent.ThreadPoolExecutor$Worker.run(Unknown Source)
	at java.base/java.lang.Thread.run(Unknown Source)
Caused by: java.lang.RuntimeException: Exception while generating code for:
FUN name:LoginScreen visibility:public modality:FINAL <> (onLoginSuccess:kotlin.Function1<com.example.gestionintelligentedesabsences.data.model.UserRole, kotlin.Unit>, viewModel:com.example.gestionintelligentedesabsences.ui.viewmodel.LoginViewModel) returnType:kotlin.Unit
  annotations:
    Composable
  VALUE_PARAMETER name:onLoginSuccess index:0 type:kotlin.Function1<com.example.gestionintelligentedesabsences.data.model.UserRole, kotlin.Unit>
  VALUE_PARAMETER name:viewModel index:1 type:com.example.gestionintelligentedesabsences.ui.viewmodel.LoginViewModel
    EXPRESSION_BODY
      ERROR_EXPR 'Default Stub' type=com.example.gestionintelligentedesabsences.ui.viewmodel.LoginViewModel
  BLOCK_BODY
    VAR PROPERTY_DELEGATE name:loginState$delegate type:androidx.compose.runtime.State<com.example.gestionintelligentedesabsences.ui.viewmodel.LoginViewModel.LoginState> [val]
      TYPE_OP type=androidx.compose.runtime.State<com.example.gestionintelligentedesabsences.ui.viewmodel.LoginViewModel.LoginState> origin=IMPLICIT_CAST typeOperand=androidx.compose.runtime.State<com.example.gestionintelligentedesabsences.ui.viewmodel.LoginViewModel.LoginState>
        CALL 'public final fun collectAsState$default <T> (context: kotlin.coroutines.CoroutineContext?, $mask0: kotlin.Int, $handler: kotlin.Any?): androidx.compose.runtime.State<T of androidx.compose.runtime.SnapshotStateKt.collectAsState$default> declared in androidx.compose.runtime.SnapshotStateKt' type=androidx.compose.runtime.State<T of androidx.compose.runtime.SnapshotStateKt.collectAsState$default> origin=DEFAULT_DISPATCH_CALL
          <T>: com.example.gestionintelligentedesabsences.ui.viewmodel.LoginViewModel.LoginState
          $receiver: CALL 'public final fun <get-loginState> (): kotlinx.coroutines.flow.StateFlow<com.example.gestionintelligentedesabsences.ui.viewmodel.LoginViewModel.LoginState> declared in com.example.gestionintelligentedesabsences.ui.viewmodel.LoginViewModel' type=kotlinx.coroutines.flow.StateFlow<com.example.gestionintelligentedesabsences.ui.viewmodel.LoginViewModel.LoginState> origin=GET_PROPERTY
            $this: GET_VAR 'viewModel: com.example.gestionintelligentedesabsences.ui.viewmodel.LoginViewModel declared in com.example.gestionintelligentedesabsences.ui.screens.login.LoginScreenKt.LoginScreen' type=com.example.gestionintelligentedesabsences.ui.viewmodel.LoginViewModel origin=null
          context: COMPOSITE type=kotlin.coroutines.CoroutineContext? origin=DEFAULT_VALUE
            CONST Null type=kotlin.coroutines.CoroutineContext? value=null
          $mask0: CONST Int type=kotlin.Int value=1
          $handler: CONST Null type=kotlin.Any? value=null
    VAR PROPERTY_DELEGATE name:email$delegate type:androidx.compose.runtime.MutableState<kotlin.String> [val]
      CALL 'public final fun remember <T> (calculation: @[DisallowComposableCalls] kotlin.Function0<T of androidx.compose.runtime.ComposablesKt.remember>): T of androidx.compose.runtime.ComposablesKt.remember [inline] declared in androidx.compose.runtime.ComposablesKt' type=androidx.compose.runtime.MutableState<kotlin.String> origin=null
        <T>: androidx.compose.runtime.MutableState<kotlin.String>
        calculation: BLOCK type=kotlin.Function0<androidx.compose.runtime.MutableState<kotlin.String>> origin=LAMBDA
          COMPOSITE type=kotlin.Unit origin=null
          FUNCTION_REFERENCE 'private final fun LoginScreen$lambda$1 (): androidx.compose.runtime.MutableState<kotlin.String> declared in com.example.gestionintelligentedesabsences.ui.screens.login.LoginScreenKt' type=kotlin.Function0<androidx.compose.runtime.MutableState<kotlin.String>> origin=INLINE_LAMBDA reflectionTarget=null
    VAR PROPERTY_DELEGATE name:password$delegate type:androidx.compose.runtime.MutableState<kotlin.String> [val]
      CALL 'public final fun remember <T> (calculation: @[DisallowComposableCalls] kotlin.Function0<T of androidx.compose.runtime.ComposablesKt.remember>): T of androidx.compose.runtime.ComposablesKt.remember [inline] declared in androidx.compose.runtime.ComposablesKt' type=androidx.compose.runtime.MutableState<kotlin.String> origin=null
        <T>: androidx.compose.runtime.MutableState<kotlin.String>
        calculation: BLOCK type=kotlin.Function0<androidx.compose.runtime.MutableState<kotlin.String>> origin=LAMBDA
          COMPOSITE type=kotlin.Unit origin=null
          FUNCTION_REFERENCE 'private final fun LoginScreen$lambda$4 (): androidx.compose.runtime.MutableState<kotlin.String> declared in com.example.gestionintelligentedesabsences.ui.screens.login.LoginScreenKt' type=kotlin.Function0<androidx.compose.runtime.MutableState<kotlin.String>> origin=INLINE_LAMBDA reflectionTarget=null
    CALL 'public final fun LaunchedEffect (key1: kotlin.Any?, block: @[ExtensionFunctionType] kotlin.coroutines.SuspendFunction1<kotlinx.coroutines.CoroutineScope, kotlin.Unit>): kotlin.Unit declared in androidx.compose.runtime.EffectsKt' type=kotlin.Unit origin=null
      key1: CALL 'private final fun LoginScreen$lambda$0 ($loginState$delegate: androidx.compose.runtime.State<com.example.gestionintelligentedesabsences.ui.viewmodel.LoginViewModel.LoginState>): com.example.gestionintelligentedesabsences.ui.viewmodel.LoginViewModel.LoginState declared in com.example.gestionintelligentedesabsences.ui.screens.login.LoginScreenKt' type=com.example.gestionintelligentedesabsences.ui.viewmodel.LoginViewModel.LoginState origin=GET_LOCAL_PROPERTY
        $loginState$delegate: GET_VAR 'val loginState$delegate: androidx.compose.runtime.State<com.example.gestionintelligentedesabsences.ui.viewmodel.LoginViewModel.LoginState> [val] declared in com.example.gestionintelligentedesabsences.ui.screens.login.LoginScreenKt.LoginScreen' type=androidx.compose.runtime.State<com.example.gestionintelligentedesabsences.ui.viewmodel.LoginViewModel.LoginState> origin=null
      block: BLOCK type=com.example.gestionintelligentedesabsences.ui.screens.login.LoginScreenKt.LoginScreen.<no name provided> origin=null
        CLASS SUSPEND_LAMBDA CLASS name:<no name provided> modality:FINAL visibility:public/*package*/ superTypes:[kotlin.coroutines.jvm.internal.SuspendLambda; kotlin.jvm.functions.Function2<kotlinx.coroutines.CoroutineScope, kotlin.coroutines.Continuation<kotlin.Unit>?, kotlin.Any?>]
          $this: VALUE_PARAMETER INSTANCE_RECEIVER name:<this> type:com.example.gestionintelligentedesabsences.ui.screens.login.LoginScreenKt.LoginScreen.<no name provided>
          FIELD name:label type:kotlin.Int visibility:public/*package*/
          CONSTRUCTOR SUSPEND_LAMBDA visibility:public/*package*/ <> ($onLoginSuccess:kotlin.Function1<com.example.gestionintelligentedesabsences.data.model.UserRole, kotlin.Unit>, $loginState$delegate:androidx.compose.runtime.State<com.example.gestionintelligentedesabsences.ui.viewmodel.LoginViewModel.LoginState>, $completion:kotlin.coroutines.Continuation<com.example.gestionintelligentedesabsences.ui.screens.login.LoginScreenKt.LoginScreen.<no name provided>>?) returnType:com.example.gestionintelligentedesabsences.ui.screens.login.LoginScreenKt.LoginScreen.<no name provided> [primary]
            VALUE_PARAMETER BOUND_VALUE_PARAMETER name:$onLoginSuccess index:0 type:kotlin.Function1<com.example.gestionintelligentedesabsences.data.model.UserRole, kotlin.Unit>
            VALUE_PARAMETER BOUND_VALUE_PARAMETER name:$loginState$delegate index:1 type:androidx.compose.runtime.State<com.example.gestionintelligentedesabsences.ui.viewmodel.LoginViewModel.LoginState>
            VALUE_PARAMETER name:$completion index:2 type:kotlin.coroutines.Continuation<com.example.gestionintelligentedesabsences.ui.screens.login.LoginScreenKt.LoginScreen.<no name provided>>?
            BLOCK_BODY
              SET_FIELD 'FIELD FIELD_FOR_CAPTURED_VALUE name:$onLoginSuccess type:kotlin.Function1<com.example.gestionintelligentedesabsences.data.model.UserRole, kotlin.Unit> visibility:public/*package*/ [final] declared in com.example.gestionintelligentedesabsences.ui.screens.login.LoginScreenKt.LoginScreen.<no name provided>' type=kotlin.Unit origin=INITIALIZER_OF_FIELD_FOR_CAPTURED_VALUE
                receiver: GET_VAR '<this>: com.example.gestionintelligentedesabsences.ui.screens.login.LoginScreenKt.LoginScreen.<no name provided> declared in com.example.gestionintelligentedesabsences.ui.screens.login.LoginScreenKt.LoginScreen.<no name provided>' type=com.example.gestionintelligentedesabsences.ui.screens.login.LoginScreenKt.LoginScreen.<no name provided> origin=null
                value: GET_VAR '$onLoginSuccess: kotlin.Function1<com.example.gestionintelligentedesabsences.data.model.UserRole, kotlin.Unit> declared in com.example.gestionintelligentedesabsences.ui.screens.login.LoginScreenKt.LoginScreen.<no name provided>.<init>' type=kotlin.Function1<com.example.gestionintelligentedesabsences.data.model.UserRole, kotlin.Unit> origin=null
              SET_FIELD 'FIELD FIELD_FOR_CAPTURED_VALUE name:$loginState$delegate type:androidx.compose.runtime.State<com.example.gestionintelligentedesabsences.ui.viewmodel.LoginViewModel.LoginState> visibility:public/*package*/ [final] declared in com.example.gestionintelligentedesabsences.ui.screens.login.LoginScreenKt.LoginScreen.<no name provided>' type=kotlin.Unit origin=INITIALIZER_OF_FIELD_FOR_CAPTURED_VALUE
                receiver: GET_VAR '<this>: com.example.gestionintelligentedesabsences.ui.screens.login.LoginScreenKt.LoginScreen.<no name provided> declared in com.example.gestionintelligentedesabsences.ui.screens.login.LoginScreenKt.LoginScreen.<no name provided>' type=com.example.gestionintelligentedesabsences.ui.screens.login.LoginScreenKt.LoginScreen.<no name provided> origin=null
                value: GET_VAR '$loginState$delegate: androidx.compose.runtime.State<com.example.gestionintelligentedesabsences.ui.viewmodel.LoginViewModel.LoginState> declared in com.example.gestionintelligentedesabsences.ui.screens.login.LoginScreenKt.LoginScreen.<no name provided>.<init>' type=androidx.compose.runtime.State<com.example.gestionintelligentedesabsences.ui.viewmodel.LoginViewModel.LoginState> origin=null
              DELEGATING_CONSTRUCTOR_CALL 'public constructor <init> (arity: kotlin.Int, $completion: kotlin.coroutines.Continuation<kotlin.Any?>?) declared in kotlin.coroutines.jvm.internal.SuspendLambda'
                arity: CONST Int type=kotlin.Int value=2
                $completion: GET_VAR '$completion: kotlin.coroutines.Continuation<com.example.gestionintelligentedesabsences.ui.screens.login.LoginScreenKt.LoginScreen.<no name provided>>? declared in com.example.gestionintelligentedesabsences.ui.screens.login.LoginScreenKt.LoginScreen.<no name provided>.<init>' type=kotlin.coroutines.Continuation<com.example.gestionintelligentedesabsences.ui.screens.login.LoginScreenKt.LoginScreen.<no name provided>>? origin=null
              BLOCK type=kotlin.Unit origin=null
          FUN name:invokeSuspend visibility:public modality:FINAL <> ($this:com.example.gestionintelligentedesabsences.ui.screens.login.LoginScreenKt.LoginScreen.<no name provided>, $result:kotlin.Result<kotlin.Any?>) returnType:kotlin.Any?
            overridden:
              protected abstract fun invokeSuspend ($result: kotlin.Result<kotlin.Any?>): kotlin.Any? declared in kotlin.coroutines.jvm.internal.SuspendLambda
            $this: VALUE_PARAMETER INSTANCE_RECEIVER name:<this> type:com.example.gestionintelligentedesabsences.ui.screens.login.LoginScreenKt.LoginScreen.<no name provided>
            VALUE_PARAMETER name:$result index:0 type:kotlin.Result<kotlin.Any?>
            BLOCK_BODY
              WHEN type=kotlin.Unit origin=IF
                BRANCH
                  if: TYPE_OP type=kotlin.Boolean origin=INSTANCEOF typeOperand=com.example.gestionintelligentedesabsences.ui.viewmodel.LoginViewModel.LoginState.Success
                    CALL 'public final fun access$LoginScreen$lambda$0 ($loginState$delegate: androidx.compose.runtime.State<com.example.gestionintelligentedesabsences.ui.viewmodel.LoginViewModel.LoginState>): com.example.gestionintelligentedesabsences.ui.viewmodel.LoginViewModel.LoginState declared in com.example.gestionintelligentedesabsences.ui.screens.login.LoginScreenKt' type=com.example.gestionintelligentedesabsences.ui.viewmodel.LoginViewModel.LoginState origin=GET_LOCAL_PROPERTY
                      $loginState$delegate: GET_FIELD 'FIELD FIELD_FOR_CAPTURED_VALUE name:$loginState$delegate type:androidx.compose.runtime.State<com.example.gestionintelligentedesabsences.ui.viewmodel.LoginViewModel.LoginState> visibility:public/*package*/ [final] declared in com.example.gestionintelligentedesabsences.ui.screens.login.LoginScreenKt.LoginScreen.<no name provided>' type=androidx.compose.runtime.State<com.example.gestionintelligentedesabsences.ui.viewmodel.LoginViewModel.LoginState> origin=null
                        receiver: GET_VAR '<this>: com.example.gestionintelligentedesabsences.ui.screens.login.LoginScreenKt.LoginScreen.<no name provided> declared in com.example.gestionintelligentedesabsences.ui.screens.login.LoginScreenKt.LoginScreen.<no name provided>.invokeSuspend' type=com.example.gestionintelligentedesabsences.ui.screens.login.LoginScreenKt.LoginScreen.<no name provided> origin=null
                  then: BLOCK type=kotlin.Unit origin=null
                    VAR name:role type:com.example.gestionintelligentedesabsences.data.model.UserRole [val]
                      CALL 'public final fun <get-userRole> (): com.example.gestionintelligentedesabsences.data.model.UserRole declared in com.example.gestionintelligentedesabsences.ui.viewmodel.LoginViewModel.LoginState.Success' type=com.example.gestionintelligentedesabsences.data.model.UserRole origin=GET_PROPERTY
                        $this: BLOCK type=com.example.gestionintelligentedesabsences.ui.viewmodel.LoginViewModel.LoginState.Success origin=null
                          VAR IR_TEMPORARY_VARIABLE name:tmp0 type:kotlin.Any? [val]
                            CALL 'public final fun access$LoginScreen$lambda$0 ($loginState$delegate: androidx.compose.runtime.State<com.example.gestionintelligentedesabsences.ui.viewmodel.LoginViewModel.LoginState>): com.example.gestionintelligentedesabsences.ui.viewmodel.LoginViewModel.LoginState declared in com.example.gestionintelligentedesabsences.ui.screens.login.LoginScreenKt' type=com.example.gestionintelligentedesabsences.ui.viewmodel.LoginViewModel.LoginState origin=GET_LOCAL_PROPERTY
                              $loginState$delegate: GET_FIELD 'FIELD FIELD_FOR_CAPTURED_VALUE name:$loginState$delegate type:androidx.compose.runtime.State<com.example.gestionintelligentedesabsences.ui.viewmodel.LoginViewModel.LoginState> visibility:public/*package*/ [final] declared in com.example.gestionintelligentedesabsences.ui.screens.login.LoginScreenKt.LoginScreen.<no name provided>' type=androidx.compose.runtime.State<com.example.gestionintelligentedesabsences.ui.viewmodel.LoginViewModel.LoginState> origin=null
                                receiver: GET_VAR '<this>: com.example.gestionintelligentedesabsences.ui.screens.login.LoginScreenKt.LoginScreen.<no name provided> declared in com.example.gestionintelligentedesabsences.ui.screens.login.LoginScreenKt.LoginScreen.<no name provided>.invokeSuspend' type=com.example.gestionintelligentedesabsences.ui.screens.login.LoginScreenKt.LoginScreen.<no name provided> origin=null
                          CALL 'public final fun checkNotNull (object: kotlin.Any?, message: kotlin.String): kotlin.Unit declared in kotlin.jvm.internal.Intrinsics' type=kotlin.Unit origin=null
                            object: GET_VAR 'val tmp0: kotlin.Any? [val] declared in com.example.gestionintelligentedesabsences.ui.screens.login.LoginScreenKt.LoginScreen.<no name provided>.invokeSuspend' type=kotlin.Any? origin=null
                            message: CONST String type=kotlin.String value="null cannot be cast to non-null type com.example.gestionintelligentedesabsences.ui.viewmodel.LoginViewModel.LoginState.Success"
                          TYPE_OP type=com.example.gestionintelligentedesabsences.ui.viewmodel.LoginViewModel.LoginState.Success? origin=CAST typeOperand=com.example.gestionintelligentedesabsences.ui.viewmodel.LoginViewModel.LoginState.Success?
                            GET_VAR 'val tmp0: kotlin.Any? [val] declared in com.example.gestionintelligentedesabsences.ui.screens.login.LoginScreenKt.LoginScreen.<no name provided>.invokeSuspend' type=kotlin.Any? origin=null
                    CALL 'public abstract fun invoke (p1: P1 of kotlin.Function1): R of kotlin.Function1 [operator] declared in kotlin.Function1' type=kotlin.Unit origin=INVOKE
                      $this: GET_FIELD 'FIELD FIELD_FOR_CAPTURED_VALUE name:$onLoginSuccess type:kotlin.Function1<com.example.gestionintelligentedesabsences.data.model.UserRole, kotlin.Unit> visibility:public/*package*/ [final] declared in com.example.gestionintelligentedesabsences.ui.screens.login.LoginScreenKt.LoginScreen.<no name provided>' type=kotlin.Function1<com.example.gestionintelligentedesabsences.data.model.UserRole, kotlin.Unit> origin=null
                        receiver: GET_VAR '<this>: com.example.gestionintelligentedesabsences.ui.screens.login.LoginScreenKt.LoginScreen.<no name provided> declared in com.example.gestionintelligentedesabsences.ui.screens.login.LoginScreenKt.LoginScreen.<no name provided>.invokeSuspend' type=com.example.gestionintelligentedesabsences.ui.screens.login.LoginScreenKt.LoginScreen.<no name provided> origin=null
                      p1: GET_VAR 'val role: com.example.gestionintelligentedesabsences.data.model.UserRole [val] declared in com.example.gestionintelligentedesabsences.ui.screens.login.LoginScreenKt.LoginScreen.<no name provided>.invokeSuspend' type=com.example.gestionintelligentedesabsences.data.model.UserRole origin=null
          FUN name:create visibility:public modality:FINAL <> ($this:com.example.gestionintelligentedesabsences.ui.screens.login.LoginScreenKt.LoginScreen.<no name provided>, value:kotlin.Any?, $completion:kotlin.coroutines.Continuation<kotlin.Nothing>) returnType:kotlin.coroutines.Continuation<kotlin.Unit>
            overridden:
              public open fun create (value: kotlin.Any?, $completion: kotlin.coroutines.Continuation<kotlin.Nothing>): kotlin.coroutines.Continuation<kotlin.Unit> declared in kotlin.coroutines.jvm.internal.SuspendLambda
            $this: VALUE_PARAMETER INSTANCE_RECEIVER name:<this> type:com.example.gestionintelligentedesabsences.ui.screens.login.LoginScreenKt.LoginScreen.<no name provided>
            VALUE_PARAMETER name:value index:0 type:kotlin.Any?
            VALUE_PARAMETER name:$completion index:1 type:kotlin.coroutines.Continuation<kotlin.Nothing>
            BLOCK_BODY
              RETURN type=kotlin.Nothing from='public final fun create (value: kotlin.Any?, $completion: kotlin.coroutines.Continuation<kotlin.Nothing>): kotlin.coroutines.Continuation<kotlin.Unit> declared in com.example.gestionintelligentedesabsences.ui.screens.login.LoginScreenKt.LoginScreen.<no name provided>'
                CONSTRUCTOR_CALL 'public/*package*/ constructor <init> ($onLoginSuccess: kotlin.Function1<com.example.gestionintelligentedesabsences.data.model.UserRole, kotlin.Unit>, $loginState$delegate: androidx.compose.runtime.State<com.example.gestionintelligentedesabsences.ui.viewmodel.LoginViewModel.LoginState>, $completion: kotlin.coroutines.Continuation<com.example.gestionintelligentedesabsences.ui.screens.login.LoginScreenKt.LoginScreen.<no name provided>>?) [primary] declared in com.example.gestionintelligentedesabsences.ui.screens.login.LoginScreenKt.LoginScreen.<no name provided>' type=com.example.gestionintelligentedesabsences.ui.screens.login.LoginScreenKt.LoginScreen.<no name provided> origin=null
                  $onLoginSuccess: GET_FIELD 'FIELD FIELD_FOR_CAPTURED_VALUE name:$onLoginSuccess type:kotlin.Function1<com.example.gestionintelligentedesabsences.data.model.UserRole, kotlin.Unit> visibility:public/*package*/ [final] declared in com.example.gestionintelligentedesabsences.ui.screens.login.LoginScreenKt.LoginScreen.<no name provided>' type=kotlin.Function1<com.example.gestionintelligentedesabsences.data.model.UserRole, kotlin.Unit> origin=null
                    receiver: GET_VAR '<this>: com.example.gestionintelligentedesabsences.ui.screens.login.LoginScreenKt.LoginScreen.<no name provided> declared in com.example.gestionintelligentedesabsences.ui.screens.login.LoginScreenKt.LoginScreen.<no name provided>.create' type=com.example.gestionintelligentedesabsences.ui.screens.login.LoginScreenKt.LoginScreen.<no name provided> origin=null
                  $loginState$delegate: GET_FIELD 'FIELD FIELD_FOR_CAPTURED_VALUE name:$loginState$delegate type:androidx.compose.runtime.State<com.example.gestionintelligentedesabsences.ui.viewmodel.LoginViewModel.LoginState> visibility:public/*package*/ [final] declared in com.example.gestionintelligentedesabsences.ui.screens.login.LoginScreenKt.LoginScreen.<no name provided>' type=androidx.compose.runtime.State<com.example.gestionintelligentedesabsences.ui.viewmodel.LoginViewModel.LoginState> origin=null
                    receiver: GET_VAR '<this>: com.example.gestionintelligentedesabsences.ui.screens.login.LoginScreenKt.LoginScreen.<no name provided> declared in com.example.gestionintelligentedesabsences.ui.screens.login.LoginScreenKt.LoginScreen.<no name provided>.create' type=com.example.gestionintelligentedesabsences.ui.screens.login.LoginScreenKt.LoginScreen.<no name provided> origin=null
                  $completion: GET_VAR '$completion: kotlin.coroutines.Continuation<kotlin.Nothing> declared in com.example.gestionintelligentedesabsences.ui.screens.login.LoginScreenKt.LoginScreen.<no name provided>.create' type=kotlin.coroutines.Continuation<kotlin.Nothing> origin=null
          FUN name:invoke visibility:public modality:FINAL <> ($this:com.example.gestionintelligentedesabsences.ui.screens.login.LoginScreenKt.LoginScreen.<no name provided>, p1:kotlinx.coroutines.CoroutineScope, p2:kotlin.coroutines.Continuation<kotlin.Unit>?) returnType:kotlin.Any?
            overridden:
              public abstract fun invoke (p1: P1 of kotlin.jvm.functions.Function2, p2: P2 of kotlin.jvm.functions.Function2): R of kotlin.jvm.functions.Function2 declared in kotlin.jvm.functions.Function2
            $this: VALUE_PARAMETER INSTANCE_RECEIVER name:<this> type:com.example.gestionintelligentedesabsences.ui.screens.login.LoginScreenKt.LoginScreen.<no name provided>
            VALUE_PARAMETER name:p1 index:0 type:kotlinx.coroutines.CoroutineScope
            VALUE_PARAMETER name:p2 index:1 type:kotlin.coroutines.Continuation<kotlin.Unit>?
            BLOCK_BODY
              RETURN type=kotlin.Nothing from='public final fun invoke (p1: kotlinx.coroutines.CoroutineScope, p2: kotlin.coroutines.Continuation<kotlin.Unit>?): kotlin.Any? declared in com.example.gestionintelligentedesabsences.ui.screens.login.LoginScreenKt.LoginScreen.<no name provided>'
                CALL 'public final fun invokeSuspend ($result: kotlin.Result<kotlin.Any?>): kotlin.Any? declared in com.example.gestionintelligentedesabsences.ui.screens.login.LoginScreenKt.LoginScreen.<no name provided>' type=kotlin.Any? origin=null
                  $this: TYPE_OP type=com.example.gestionintelligentedesabsences.ui.screens.login.LoginScreenKt.LoginScreen.<no name provided> origin=IMPLICIT_CAST typeOperand=com.example.gestionintelligentedesabsences.ui.screens.login.LoginScreenKt.LoginScreen.<no name provided>
                    CALL 'public final fun create (value: kotlin.Any?, $completion: kotlin.coroutines.Continuation<kotlin.Nothing>): kotlin.coroutines.Continuation<kotlin.Unit> declared in com.example.gestionintelligentedesabsences.ui.screens.login.LoginScreenKt.LoginScreen.<no name provided>' type=kotlin.coroutines.Continuation<kotlin.Unit> origin=null
                      $this: GET_VAR '<this>: com.example.gestionintelligentedesabsences.ui.screens.login.LoginScreenKt.LoginScreen.<no name provided> declared in com.example.gestionintelligentedesabsences.ui.screens.login.LoginScreenKt.LoginScreen.<no name provided>.invoke' type=com.example.gestionintelligentedesabsences.ui.screens.login.LoginScreenKt.LoginScreen.<no name provided> origin=null
                      value: GET_VAR 'p1: kotlinx.coroutines.CoroutineScope declared in com.example.gestionintelligentedesabsences.ui.screens.login.LoginScreenKt.LoginScreen.<no name provided>.invoke' type=kotlinx.coroutines.CoroutineScope origin=null
                      $completion: GET_VAR 'p2: kotlin.coroutines.Continuation<kotlin.Unit>? declared in com.example.gestionintelligentedesabsences.ui.screens.login.LoginScreenKt.LoginScreen.<no name provided>.invoke' type=kotlin.coroutines.Continuation<kotlin.Unit>? origin=null
                  $result: CALL 'public final fun <unsafe-coerce> <T, R> (v: T of kotlin.jvm.internal.<unsafe-coerce>): R of kotlin.jvm.internal.<unsafe-coerce> declared in kotlin.jvm.internal' type=kotlin.Result<kotlin.Any?> origin=null
                    <T>: kotlin.Any?
                    <R>: kotlin.Result<kotlin.Any?>
                    v: GET_FIELD 'FIELD FIELD_FOR_OBJECT_INSTANCE name:INSTANCE type:kotlin.Unit visibility:public [final,static] declared in kotlin.Unit' type=kotlin.Unit origin=null
          FIELD FIELD_FOR_CAPTURED_VALUE name:$onLoginSuccess type:kotlin.Function1<com.example.gestionintelligentedesabsences.data.model.UserRole, kotlin.Unit> visibility:public/*package*/ [final]
          FIELD FIELD_FOR_CAPTURED_VALUE name:$loginState$delegate type:androidx.compose.runtime.State<com.example.gestionintelligentedesabsences.ui.viewmodel.LoginViewModel.LoginState> visibility:public/*package*/ [final]
          FUN BRIDGE name:invoke visibility:public modality:OPEN <> ($this:com.example.gestionintelligentedesabsences.ui.screens.login.LoginScreenKt.LoginScreen.<no name provided>, p1:kotlin.Any?, p2:kotlin.Any?) returnType:kotlin.Any?
            $this: VALUE_PARAMETER INSTANCE_RECEIVER name:<this> type:com.example.gestionintelligentedesabsences.ui.screens.login.LoginScreenKt.LoginScreen.<no name provided>
            VALUE_PARAMETER BRIDGE name:p1 index:0 type:kotlin.Any?
            VALUE_PARAMETER BRIDGE name:p2 index:1 type:kotlin.Any?
            EXPRESSION_BODY
              RETURN type=kotlin.Nothing from='public open fun invoke (p1: kotlin.Any?, p2: kotlin.Any?): kotlin.Any? declared in com.example.gestionintelligentedesabsences.ui.screens.login.LoginScreenKt.LoginScreen.<no name provided>'
                CALL 'public final fun invoke (p1: kotlinx.coroutines.CoroutineScope, p2: kotlin.coroutines.Continuation<kotlin.Unit>?): kotlin.Any? declared in com.example.gestionintelligentedesabsences.ui.screens.login.LoginScreenKt.LoginScreen.<no name provided>' type=kotlin.Any? origin=BRIDGE_DELEGATION
                  $this: GET_VAR '<this>: com.example.gestionintelligentedesabsences.ui.screens.login.LoginScreenKt.LoginScreen.<no name provided> declared in com.example.gestionintelligentedesabsences.ui.screens.login.LoginScreenKt.LoginScreen.<no name provided>.invoke' type=com.example.gestionintelligentedesabsences.ui.screens.login.LoginScreenKt.LoginScreen.<no name provided> origin=null
                  p1: TYPE_OP type=kotlinx.coroutines.CoroutineScope origin=IMPLICIT_CAST typeOperand=kotlinx.coroutines.CoroutineScope
                    GET_VAR 'p1: kotlin.Any? declared in com.example.gestionintelligentedesabsences.ui.screens.login.LoginScreenKt.LoginScreen.<no name provided>.invoke' type=kotlin.Any? origin=null
                  p2: TYPE_OP type=kotlin.coroutines.Continuation<*> origin=IMPLICIT_CAST typeOperand=kotlin.coroutines.Continuation<*>
                    GET_VAR 'p2: kotlin.Any? declared in com.example.gestionintelligentedesabsences.ui.screens.login.LoginScreenKt.LoginScreen.<no name provided>.invoke' type=kotlin.Any? origin=null
        CONSTRUCTOR_CALL 'public/*package*/ constructor <init> ($onLoginSuccess: kotlin.Function1<com.example.gestionintelligentedesabsences.data.model.UserRole, kotlin.Unit>, $loginState$delegate: androidx.compose.runtime.State<com.example.gestionintelligentedesabsences.ui.viewmodel.LoginViewModel.LoginState>, $completion: kotlin.coroutines.Continuation<com.example.gestionintelligentedesabsences.ui.screens.login.LoginScreenKt.LoginScreen.<no name provided>>?) [primary] declared in com.example.gestionintelligentedesabsences.ui.screens.login.LoginScreenKt.LoginScreen.<no name provided>' type=com.example.gestionintelligentedesabsences.ui.screens.login.LoginScreenKt.LoginScreen.<no name provided> origin=null
          $onLoginSuccess: GET_VAR 'onLoginSuccess: kotlin.Function1<com.example.gestionintelligentedesabsences.data.model.UserRole, kotlin.Unit> declared in com.example.gestionintelligentedesabsences.ui.screens.login.LoginScreenKt.LoginScreen' type=kotlin.Function1<com.example.gestionintelligentedesabsences.data.model.UserRole, kotlin.Unit> origin=null
          $loginState$delegate: GET_VAR 'val loginState$delegate: androidx.compose.runtime.State<com.example.gestionintelligentedesabsences.ui.viewmodel.LoginViewModel.LoginState> [val] declared in com.example.gestionintelligentedesabsences.ui.screens.login.LoginScreenKt.LoginScreen' type=androidx.compose.runtime.State<com.example.gestionintelligentedesabsences.ui.viewmodel.LoginViewModel.LoginState> origin=null
          $completion: CONST Null type=kotlin.Nothing? value=null
    CALL 'public final fun Surface-PPo6-fI$default (modifier: androidx.compose.ui.Modifier?, shape: androidx.compose.ui.graphics.Shape?, color: androidx.compose.ui.graphics.Color, contentColor: androidx.compose.ui.graphics.Color, tonalElevation: androidx.compose.ui.unit.Dp, shadowElevation: androidx.compose.ui.unit.Dp, border: androidx.compose.foundation.BorderStroke?, content: @[Composable] kotlin.Function0<kotlin.Unit>, $mask0: kotlin.Int, $handler: kotlin.Any?): kotlin.Unit declared in androidx.compose.material3.SurfaceKt' type=kotlin.Unit origin=DEFAULT_DISPATCH_CALL
      modifier: CALL 'public final fun fillMaxSize$default (fraction: kotlin.Float, $mask0: kotlin.Int, $handler: kotlin.Any?): androidx.compose.ui.Modifier declared in androidx.compose.foundation.layout.SizeKt' type=androidx.compose.ui.Modifier origin=DEFAULT_DISPATCH_CALL
        $receiver: GET_FIELD 'FIELD FIELD_FOR_OBJECT_INSTANCE name:Companion type:androidx.compose.ui.Modifier.Companion visibility:public [final,static] declared in androidx.compose.ui.Modifier' type=androidx.compose.ui.Modifier.Companion origin=null
        fraction: COMPOSITE type=kotlin.Float origin=DEFAULT_VALUE
          CONST Float type=kotlin.Float value=0.0
        $mask0: CONST Int type=kotlin.Int value=1
        $handler: CONST Null type=kotlin.Any? value=null
      shape: COMPOSITE type=androidx.compose.ui.graphics.Shape? origin=DEFAULT_VALUE
        CONST Null type=androidx.compose.ui.graphics.Shape? value=null
      color: CALL 'public final fun getBackground-0d7_KjU (): androidx.compose.ui.graphics.Color declared in androidx.compose.material3.ColorScheme' type=androidx.compose.ui.graphics.Color origin=GET_PROPERTY
        $this: CALL 'public final fun <get-colorScheme> (): androidx.compose.material3.ColorScheme declared in androidx.compose.material3.MaterialTheme' type=androidx.compose.material3.ColorScheme origin=GET_PROPERTY
          $this: GET_FIELD 'FIELD FIELD_FOR_OBJECT_INSTANCE name:INSTANCE type:androidx.compose.material3.MaterialTheme visibility:public [final,static] declared in androidx.compose.material3.MaterialTheme' type=androidx.compose.material3.MaterialTheme origin=null
      contentColor: COMPOSITE type=androidx.compose.ui.graphics.Color origin=DEFAULT_VALUE
        CALL 'public final fun <unsafe-coerce> <T, R> (v: T of kotlin.jvm.internal.<unsafe-coerce>): R of kotlin.jvm.internal.<unsafe-coerce> declared in kotlin.jvm.internal' type=androidx.compose.ui.graphics.Color origin=null
          <T>: kotlin.Long
          <R>: androidx.compose.ui.graphics.Color
          v: CONST Long type=kotlin.Long value=0
      tonalElevation: COMPOSITE type=androidx.compose.ui.unit.Dp origin=DEFAULT_VALUE
        CALL 'public final fun <unsafe-coerce> <T, R> (v: T of kotlin.jvm.internal.<unsafe-coerce>): R of kotlin.jvm.internal.<unsafe-coerce> declared in kotlin.jvm.internal' type=androidx.compose.ui.unit.Dp origin=null
          <T>: kotlin.Float
          <R>: androidx.compose.ui.unit.Dp
          v: CONST Float type=kotlin.Float value=0.0
      shadowElevation: COMPOSITE type=androidx.compose.ui.unit.Dp origin=DEFAULT_VALUE
        CALL 'public final fun <unsafe-coerce> <T, R> (v: T of kotlin.jvm.internal.<unsafe-coerce>): R of kotlin.jvm.internal.<unsafe-coerce> declared in kotlin.jvm.internal' type=androidx.compose.ui.unit.Dp origin=null
          <T>: kotlin.Float
          <R>: androidx.compose.ui.unit.Dp
          v: CONST Float type=kotlin.Float value=0.0
      border: COMPOSITE type=androidx.compose.foundation.BorderStroke? origin=DEFAULT_VALUE
        CONST Null type=androidx.compose.foundation.BorderStroke? value=null
      content: BLOCK type=kotlin.Function0<kotlin.Unit> origin=LAMBDA
        COMPOSITE type=kotlin.Unit origin=null
        CALL 'public final fun <jvm-indy> <T> (dynamicCall: T of kotlin.jvm.internal.<jvm-indy>, bootstrapMethodHandle: kotlin.Any, vararg bootstrapMethodArguments: kotlin.Any): T of kotlin.jvm.internal.<jvm-indy> declared in kotlin.jvm.internal' type=kotlin.Function0<kotlin.Unit> origin=null
          <T>: kotlin.Function0<kotlin.Unit>
          dynamicCall: CALL 'public final fun invoke (p0: androidx.compose.runtime.MutableState<kotlin.String>, p1: androidx.compose.runtime.MutableState<kotlin.String>, p2: com.example.gestionintelligentedesabsences.ui.viewmodel.LoginViewModel, p3: androidx.compose.runtime.State<com.example.gestionintelligentedesabsences.ui.viewmodel.LoginViewModel.LoginState>): kotlin.Function0<kotlin.Unit> declared in kotlin.jvm.internal.invokeDynamic' type=kotlin.Function0<kotlin.Unit> origin=null
            p0: GET_VAR 'val email$delegate: androidx.compose.runtime.MutableState<kotlin.String> [val] declared in com.example.gestionintelligentedesabsences.ui.screens.login.LoginScreenKt.LoginScreen' type=androidx.compose.runtime.MutableState<kotlin.String> origin=null
            p1: GET_VAR 'val password$delegate: androidx.compose.runtime.MutableState<kotlin.String> [val] declared in com.example.gestionintelligentedesabsences.ui.screens.login.LoginScreenKt.LoginScreen' type=androidx.compose.runtime.MutableState<kotlin.String> origin=null
            p2: GET_VAR 'viewModel: com.example.gestionintelligentedesabsences.ui.viewmodel.LoginViewModel declared in com.example.gestionintelligentedesabsences.ui.screens.login.LoginScreenKt.LoginScreen' type=com.example.gestionintelligentedesabsences.ui.viewmodel.LoginViewModel origin=null
            p3: GET_VAR 'val loginState$delegate: androidx.compose.runtime.State<com.example.gestionintelligentedesabsences.ui.viewmodel.LoginViewModel.LoginState> [val] declared in com.example.gestionintelligentedesabsences.ui.screens.login.LoginScreenKt.LoginScreen' type=androidx.compose.runtime.State<com.example.gestionintelligentedesabsences.ui.viewmodel.LoginViewModel.LoginState> origin=null
          bootstrapMethodHandle: CALL 'public final fun <jvm-method-handle> (tag: kotlin.Int, owner: kotlin.String, name: kotlin.String, descriptor: kotlin.String, isInterface: kotlin.Boolean): kotlin.Any declared in kotlin.jvm.internal' type=kotlin.Any origin=null
            tag: CONST Int type=kotlin.Int value=6
            owner: CONST String type=kotlin.String value="java/lang/invoke/LambdaMetafactory"
            name: CONST String type=kotlin.String value="metafactory"
            descriptor: CONST String type=kotlin.String value="(Ljava/lang/invoke/MethodHandles$Lookup;Ljava/lang/String;Ljava/lang/invoke/MethodType;Ljava/lang/invoke/MethodType;Ljava/lang/invoke/MethodHandle;Ljava/lang/invoke/MethodType;)Ljava/lang/invoke/CallSite;"
            isInterface: CONST Boolean type=kotlin.Boolean value=false
          bootstrapMethodArguments: VARARG type=kotlin.Array<kotlin.Any> varargElementType=kotlin.Any
            CALL 'public final fun <jvm-original-method-type> (method: kotlin.Any): kotlin.Any declared in kotlin.jvm.internal' type=kotlin.Any origin=null
              method: RAW_FUNCTION_REFERENCE 'public abstract fun invoke (): R of kotlin.Function0 [operator] declared in kotlin.Function0' type=kotlin.Any
            RAW_FUNCTION_REFERENCE 'private final fun LoginScreen$lambda$14 ($email$delegate: androidx.compose.runtime.MutableState<kotlin.String>, $password$delegate: androidx.compose.runtime.MutableState<kotlin.String>, $viewModel: com.example.gestionintelligentedesabsences.ui.viewmodel.LoginViewModel, $loginState$delegate: androidx.compose.runtime.State<com.example.gestionintelligentedesabsences.ui.viewmodel.LoginViewModel.LoginState>): kotlin.Unit? declared in com.example.gestionintelligentedesabsences.ui.screens.login.LoginScreenKt' type=kotlin.Any
            CALL 'public final fun <jvm-original-method-type> (method: kotlin.Any): kotlin.Any declared in kotlin.jvm.internal' type=kotlin.Any origin=null
              method: RAW_FUNCTION_REFERENCE 'public abstract fun invoke (): kotlin.Unit? [fake_override,operator] declared in kotlin.jvm.internal.invokeDynamic.<fake>' type=kotlin.Any
      $mask0: CONST Int type=kotlin.Int value=122
      $handler: CONST Null type=kotlin.Any? value=null

	at org.jetbrains.kotlin.backend.jvm.codegen.FunctionCodegen.generate(FunctionCodegen.kt:48)
	at org.jetbrains.kotlin.backend.jvm.codegen.FunctionCodegen.generate$default(FunctionCodegen.kt:41)
	at org.jetbrains.kotlin.backend.jvm.codegen.ClassCodegen.generateMethodNode(ClassCodegen.kt:407)
	at org.jetbrains.kotlin.backend.jvm.codegen.ClassCodegen.generateMethod(ClassCodegen.kt:424)
	at org.jetbrains.kotlin.backend.jvm.codegen.ClassCodegen.generate(ClassCodegen.kt:169)
	at org.jetbrains.kotlin.backend.jvm.FileCodegen.lower(JvmPhases.kt:39)
	at org.jetbrains.kotlin.backend.common.phaser.PhaseFactoriesKt.createFilePhase$lambda$4(PhaseFactories.kt:71)
	at org.jetbrains.kotlin.backend.common.phaser.PhaseBuildersKt$createSimpleNamedCompilerPhase$1.phaseBody(PhaseBuilders.kt:69)
	at org.jetbrains.kotlin.backend.common.phaser.SimpleNamedCompilerPhase.phaseBody(CompilerPhase.kt:226)
	at org.jetbrains.kotlin.backend.common.phaser.AbstractNamedCompilerPhase.invoke(CompilerPhase.kt:113)
	at org.jetbrains.kotlin.backend.common.phaser.PerformByIrFilePhase.invokeSequential(performByIrFile.kt:52)
	... 45 more
Caused by: org.jetbrains.kotlin.codegen.CompilationException: Back-end (JVM) Internal error: Couldn't inline method call: CALL 'public final fun remember <T> (calculation: @[DisallowComposableCalls] kotlin.Function0<T of androidx.compose.runtime.ComposablesKt.remember>): T of androidx.compose.runtime.ComposablesKt.remember [inline] declared in androidx.compose.runtime.ComposablesKt' type=androidx.compose.runtime.MutableState<kotlin.String> origin=null
Method: null
File is unknown
The root cause java.lang.IllegalStateException was thrown at: org.jetbrains.kotlin.codegen.inline.SourceCompilerForInlineKt.getMethodNode(SourceCompilerForInline.kt:118)
	at org.jetbrains.kotlin.codegen.inline.InlineCodegen.performInline(InlineCodegen.kt:65)
	at org.jetbrains.kotlin.backend.jvm.codegen.IrInlineCodegen.genInlineCall(IrInlineCodegen.kt:163)
	at org.jetbrains.kotlin.backend.jvm.codegen.IrInlineCallGenerator.genCall(IrInlineCallGenerator.kt:36)
	at org.jetbrains.kotlin.backend.jvm.codegen.ExpressionCodegen.visitCall(ExpressionCodegen.kt:598)
	at org.jetbrains.kotlin.backend.jvm.codegen.ExpressionCodegen.visitCall(ExpressionCodegen.kt:134)
	at org.jetbrains.kotlin.ir.expressions.IrCall.accept(IrCall.kt:24)
	at org.jetbrains.kotlin.backend.jvm.codegen.ExpressionCodegen.visitVariable(ExpressionCodegen.kt:735)
	at org.jetbrains.kotlin.backend.jvm.codegen.ExpressionCodegen.visitVariable(ExpressionCodegen.kt:134)
	at org.jetbrains.kotlin.ir.declarations.IrVariable.accept(IrVariable.kt:36)
	at org.jetbrains.kotlin.backend.jvm.codegen.ExpressionCodegen.visitStatementContainer(ExpressionCodegen.kt:524)
	at org.jetbrains.kotlin.backend.jvm.codegen.ExpressionCodegen.visitBlockBody(ExpressionCodegen.kt:529)
	at org.jetbrains.kotlin.backend.jvm.codegen.ExpressionCodegen.visitBlockBody(ExpressionCodegen.kt:134)
	at org.jetbrains.kotlin.ir.expressions.IrBlockBody.accept(IrBlockBody.kt:20)
	at org.jetbrains.kotlin.backend.jvm.codegen.ExpressionCodegen.generate(ExpressionCodegen.kt:236)
	at org.jetbrains.kotlin.backend.jvm.codegen.FunctionCodegen.doGenerate(FunctionCodegen.kt:124)
	at org.jetbrains.kotlin.backend.jvm.codegen.FunctionCodegen.generate(FunctionCodegen.kt:45)
	... 55 more
Caused by: java.lang.IllegalStateException: couldn't find inline method Landroidx/compose/runtime/ComposablesKt;.remember(Lkotlin/jvm/functions/Function0;)Ljava/lang/Object;
	at org.jetbrains.kotlin.codegen.inline.SourceCompilerForInlineKt.getMethodNode(SourceCompilerForInline.kt:118)
	at org.jetbrains.kotlin.codegen.inline.SourceCompilerForInlineKt.loadCompiledInlineFunction(SourceCompilerForInline.kt:96)
	at org.jetbrains.kotlin.backend.jvm.codegen.IrSourceCompilerForInline.compileInlineFunction(IrSourceCompilerForInline.kt:91)
	at org.jetbrains.kotlin.codegen.inline.InlineCodegen.compileInline(InlineCodegen.kt:43)
	at org.jetbrains.kotlin.codegen.inline.InlineCodegen.performInline(InlineCodegen.kt:51)
	... 70 more


